<?xml version="1.0" encoding="UTF-8" ?>
<testsuite tests="26" failures="0" name="g56387.atl.samegame.model.BoardTest" time="0.008" errors="0" skipped="0">
  <properties>
[...]
</properties>
  <testcase classname="g56387.atl.samegame.model.BoardTest" name="g56387.atl.samegame.model.BoardTest.testCalculateScore_caseNoEffectScore" time="0.008"/>
  <testcase classname="g56387.atl.samegame.model.BoardTest" name="g56387.atl.samegame.model.BoardTest.testMoveColumnsToLeft_case3_twoColownEmpty" time="0"/>
  <testcase classname="g56387.atl.samegame.model.BoardTest" name="g56387.atl.samegame.model.BoardTest.testMoveColumnsToLeft_case4_noColumnEmpty" time="0"/>
  <testcase classname="g56387.atl.samegame.model.BoardTest" name="g56387.atl.samegame.model.BoardTest.testIsInside_case2" time="0"/>
  <testcase classname="g56387.atl.samegame.model.BoardTest" name="g56387.atl.samegame.model.BoardTest.testCalculateScore" time="0"/>
  <testcase classname="g56387.atl.samegame.model.BoardTest" name="g56387.atl.samegame.model.BoardTest.testPlay_noBubble" time="0"/>
  <testcase classname="g56387.atl.samegame.model.BoardTest" name="g56387.atl.samegame.model.BoardTest.testIsInside" time="0"/>
  <testcase classname="g56387.atl.samegame.model.BoardTest" name="g56387.atl.samegame.model.BoardTest.testCheckNeighbour" time="0"/>
  <testcase classname="g56387.atl.samegame.model.BoardTest" name="g56387.atl.samegame.model.BoardTest.testGameOver" time="0"/>
  <testcase classname="g56387.atl.samegame.model.BoardTest" name="g56387.atl.samegame.model.BoardTest.test_fullGame" time="0"/>
  <testcase classname="g56387.atl.samegame.model.BoardTest" name="g56387.atl.samegame.model.BoardTest.test_play_normalCase" time="0"/>
  <testcase classname="g56387.atl.samegame.model.BoardTest" name="g56387.atl.samegame.model.BoardTest.testDownBubbles_normalCase" time="0"/>
  <testcase classname="g56387.atl.samegame.model.BoardTest" name="g56387.atl.samegame.model.BoardTest.testDownBubbleColown" time="0"/>
  <testcase classname="g56387.atl.samegame.model.BoardTest" name="g56387.atl.samegame.model.BoardTest.testDownBubbles_noEffect" time="0"/>
  <testcase classname="g56387.atl.samegame.model.BoardTest" name="g56387.atl.samegame.model.BoardTest.testCheckColownEmpty" time="0"/>
  <testcase classname="g56387.atl.samegame.model.BoardTest" name="g56387.atl.samegame.model.BoardTest.test_fullGame_stateBubblesTest" time="0"/>
  <testcase classname="g56387.atl.samegame.model.BoardTest" name="g56387.atl.samegame.model.BoardTest.testCalculateScore_twoShotsPlayed" time="0"/>
  <testcase classname="g56387.atl.samegame.model.BoardTest" name="g56387.atl.samegame.model.BoardTest.testIsInside_limtCase" time="0"/>
  <testcase classname="g56387.atl.samegame.model.BoardTest" name="g56387.atl.samegame.model.BoardTest.testGameOver_trueCase" time="0"/>
  <testcase classname="g56387.atl.samegame.model.BoardTest" name="g56387.atl.samegame.model.BoardTest.testMoveColumnsToLeft_case2" time="0"/>
  <testcase classname="g56387.atl.samegame.model.BoardTest" name="g56387.atl.samegame.model.BoardTest.testCalculateScore_case2" time="0"/>
  <testcase classname="g56387.atl.samegame.model.BoardTest" name="g56387.atl.samegame.model.BoardTest.testGameOver_trueCase2" time="0"/>
  <testcase classname="g56387.atl.samegame.model.BoardTest" name="g56387.atl.samegame.model.BoardTest.testCheckAllNeighbours" time="0"/>
  <testcase classname="g56387.atl.samegame.model.BoardTest" name="g56387.atl.samegame.model.BoardTest.testPlay_positionOutSide" time="0"/>
  <testcase classname="g56387.atl.samegame.model.BoardTest" name="g56387.atl.samegame.model.BoardTest.test_play_bubbleAlone" time="0"/>
  <testcase classname="g56387.atl.samegame.model.BoardTest" name="g56387.atl.samegame.model.BoardTest.test_play_severalBubbleDelete" time="0"/>
</testsuite>